nohup: ignoring input
/home3/huangshan/open-mmlab/mmediting/mmedit/utils/setup_env.py:33: UserWarning: Setting OMP_NUM_THREADS environment variable for each process to be 1 in default, to avoid your system being overloaded, please further tune the variable for optimal performance in your application as needed.
  f'Setting OMP_NUM_THREADS environment variable for each process '
/home3/huangshan/open-mmlab/mmediting/mmedit/utils/setup_env.py:43: UserWarning: Setting MKL_NUM_THREADS environment variable for each process to be 1 in default, to avoid your system being overloaded, please further tune the variable for optimal performance in your application as needed.
  f'Setting MKL_NUM_THREADS environment variable for each process '
2022-11-28 11:12:01,761 - mmedit - INFO - Environment info:
------------------------------------------------------------
sys.platform: linux
Python: 3.7.13 (default, Oct 18 2022, 18:57:03) [GCC 11.2.0]
CUDA available: True
GPU 0: GeForce RTX 2080 Ti
CUDA_HOME: /usr/local/cuda
NVCC: Cuda compilation tools, release 11.2, V11.2.142
GCC: gcc (GCC) 12.2.0
PyTorch: 1.10.0+cu102
PyTorch compiling details: PyTorch built with:
  - GCC 7.3
  - C++ Version: 201402
  - Intel(R) oneAPI Math Kernel Library Version 2021.4-Product Build 20210904 for Intel(R) 64 architecture applications
  - Intel(R) MKL-DNN v2.2.3 (Git Hash 7336ca9f055cf1bfa13efb658fe15dc9b41f0740)
  - OpenMP 201511 (a.k.a. OpenMP 4.5)
  - LAPACK is enabled (usually provided by MKL)
  - NNPACK is enabled
  - CPU capability usage: AVX2
  - CUDA Runtime 10.2
  - NVCC architecture flags: -gencode;arch=compute_37,code=sm_37;-gencode;arch=compute_50,code=sm_50;-gencode;arch=compute_60,code=sm_60;-gencode;arch=compute_70,code=sm_70
  - CuDNN 7.6.5
  - Magma 2.5.2
  - Build settings: BLAS_INFO=mkl, BUILD_TYPE=Release, CUDA_VERSION=10.2, CUDNN_VERSION=7.6.5, CXX_COMPILER=/opt/rh/devtoolset-7/root/usr/bin/c++, CXX_FLAGS= -Wno-deprecated -fvisibility-inlines-hidden -DUSE_PTHREADPOOL -fopenmp -DNDEBUG -DUSE_KINETO -DUSE_FBGEMM -DUSE_QNNPACK -DUSE_PYTORCH_QNNPACK -DUSE_XNNPACK -DSYMBOLICATE_MOBILE_DEBUG_HANDLE -DEDGE_PROFILER_USE_KINETO -O2 -fPIC -Wno-narrowing -Wall -Wextra -Werror=return-type -Wno-missing-field-initializers -Wno-type-limits -Wno-array-bounds -Wno-unknown-pragmas -Wno-sign-compare -Wno-unused-parameter -Wno-unused-variable -Wno-unused-function -Wno-unused-result -Wno-unused-local-typedefs -Wno-strict-overflow -Wno-strict-aliasing -Wno-error=deprecated-declarations -Wno-stringop-overflow -Wno-psabi -Wno-error=pedantic -Wno-error=redundant-decls -Wno-error=old-style-cast -fdiagnostics-color=always -faligned-new -Wno-unused-but-set-variable -Wno-maybe-uninitialized -fno-math-errno -fno-trapping-math -Werror=format -Wno-stringop-overflow, LAPACK_INFO=mkl, PERF_WITH_AVX=1, PERF_WITH_AVX2=1, PERF_WITH_AVX512=1, TORCH_VERSION=1.10.0, USE_CUDA=ON, USE_CUDNN=ON, USE_EXCEPTION_PTR=1, USE_GFLAGS=OFF, USE_GLOG=OFF, USE_MKL=ON, USE_MKLDNN=ON, USE_MPI=OFF, USE_NCCL=ON, USE_NNPACK=ON, USE_OPENMP=ON, 

TorchVision: 0.11.0+cu102
OpenCV: 4.6.0
MMCV: 1.6.2
MMCV Compiler: GCC 7.3
MMCV CUDA Compiler: 10.2
MMEditing: 0.16.0+556a1e0
------------------------------------------------------------

2022-11-28 11:12:01,763 - mmedit - INFO - Distributed training: False
2022-11-28 11:12:01,763 - mmedit - INFO - mmedit Version: 0.16.0
2022-11-28 11:12:01,763 - mmedit - INFO - Config:
/home3/huangshan/open-mmlab/mmediting/configs/restorers/rdn/rdn_x4c64b16_g1_brain256.py
exp_name = 'rdn_x4c64b16_g1_100k_div2k'

scale = 1
# model settings
model = dict(
    type='BasicRestorer',
    generator=dict(
        type='RDN',
        in_channels=3,
        out_channels=3,
        mid_channels=64,
        num_blocks=16,
        upscale_factor=scale),
    pixel_loss=dict(type='L1Loss', loss_weight=1.0, reduction='mean'))
# model training and testing settings
train_cfg = None
test_cfg = dict(metrics=['PSNR', 'SSIM'], crop_border=scale)

# dataset settings
train_dataset_type = 'SRFolderDataset'
val_dataset_type = 'SRFolderDataset'
train_pipeline = [
    dict(
        type='LoadImageFromFile',
        io_backend='disk',
        key='lq',
        flag='color',
        channel_order='rgb'),
    dict(
        type='LoadImageFromFile',
        io_backend='disk',
        key='gt',
        flag='color',
        channel_order='rgb'),
    
    dict(type='RescaleToZeroOne', keys=['lq', 'gt']),
    dict(type='PairedRandomCrop', gt_patch_size=32),
    dict(
        type='Flip', keys=['lq', 'gt'], flip_ratio=0.5,
        direction='horizontal'),
    dict(type='Flip', keys=['lq', 'gt'], flip_ratio=0.5, direction='vertical'),
    dict(type='RandomTransposeHW', keys=['lq', 'gt'], transpose_ratio=0.5),
    dict(type='Collect', keys=['lq', 'gt'], meta_keys=['lq_path', 'gt_path']),
    dict(type='ImageToTensor', keys=['lq', 'gt'])
]
test_pipeline = [
    dict(
        type='LoadImageFromFile',
        io_backend='disk',
        key='lq',
        flag='color',
        channel_order='rgb'),
    dict(
        type='LoadImageFromFile',
        io_backend='disk',
        key='gt',
        flag='color',
        channel_order='rgb'),
    dict(type='RescaleToZeroOne', keys=['lq', 'gt']),
    dict(type='Collect', keys=['lq', 'gt'], meta_keys=['lq_path', 'gt_path']),
    dict(type='ImageToTensor', keys=['lq', 'gt'])
]

data = dict(
    workers_per_gpu=4,
    train_dataloader=dict(samples_per_gpu=16, drop_last=True),
    val_dataloader=dict(samples_per_gpu=16),
    test_dataloader=dict(samples_per_gpu=16),
    train=dict(
        type='RepeatDataset',
        times=1000,
        dataset=dict(
            type=train_dataset_type,
            lq_folder='/home3/huangshan/reconstruction/SRCNN/SRCNN/mri_data/data_x1_y1_z1/imgs_rot/1/train_lr3',
            gt_folder='/home3/huangshan/reconstruction/SRCNN/SRCNN/mri_data/data_x1_y1_z1/imgs_rot/1/train_hr3',
            # ann_file='data/DIV2K/meta_info_DIV2K800sub_GT.txt',
            pipeline=train_pipeline,
            scale=scale)),
    val=dict(
        type=val_dataset_type,
        lq_folder='/home3/huangshan/reconstruction/SRCNN/SRCNN/mri_data/data_x1_y1_z1/imgs_rot/1/val_lr3',
        gt_folder='/home3/huangshan/reconstruction/SRCNN/SRCNN/mri_data/data_x1_y1_z1/imgs_rot/1/val_hr3',
        pipeline=test_pipeline,
        scale=scale,
        filename_tmpl='{}'),
    test=dict(
        type=val_dataset_type,
        lq_folder='/home3/huangshan/reconstruction/SRCNN/SRCNN/mri_data/data_x1_y1_z1/imgs_rot/1/test_lr3',
        gt_folder='/home3/huangshan/reconstruction/SRCNN/SRCNN/mri_data/data_x1_y1_z1/imgs_rot/1/test_hr3',
        pipeline=test_pipeline,
        scale=scale,
        filename_tmpl='{}'))

# optimizer
optimizers = dict(generator=dict(type='Adam', lr=1e-4, betas=(0.9, 0.999)))

# learning policy
total_iters = 1000000
lr_config = dict(
    policy='Step',
    by_epoch=False,
    step=[200000, 400000, 600000, 800000],
    gamma=0.5)

checkpoint_config = dict(interval=5000, save_optimizer=True, by_epoch=False)
evaluation = dict(interval=5000, save_image=True, gpu_collect=True)
log_config = dict(
    interval=100, hooks=[dict(type='TextLoggerHook', by_epoch=False)])
visual_config = None

# runtime settings
dist_params = dict(backend='nccl')
log_level = 'INFO'
work_dir = f'./work_dirs/{exp_name}'
load_from = None
resume_from = None
workflow = [('train', 1)]

2022-11-28 11:12:01,764 - mmedit - INFO - Set random seed to 1039753138, deterministic: False
2022-11-28 11:12:50,330 - mmedit - INFO - Start running, host: huangshan@node2, work_dir: /home3/huangshan/open-mmlab/mmediting/work_dirs/rdn_x4c64b16_g1_100k_div2k
2022-11-28 11:12:50,332 - mmedit - INFO - Hooks will be executed in the following order:
before_run:
(VERY_HIGH   ) StepLrUpdaterHook                  
(NORMAL      ) CheckpointHook                     
(VERY_LOW    ) TextLoggerHook                     
 -------------------- 
before_train_epoch:
(VERY_HIGH   ) StepLrUpdaterHook                  
(LOW         ) IterTimerHook                      
(VERY_LOW    ) TextLoggerHook                     
 -------------------- 
before_train_iter:
(VERY_HIGH   ) StepLrUpdaterHook                  
(LOW         ) IterTimerHook                      
 -------------------- 
after_train_iter:
(NORMAL      ) CheckpointHook                     
(LOW         ) IterTimerHook                      
(LOW         ) EvalIterHook                       
(VERY_LOW    ) TextLoggerHook                     
 -------------------- 
after_train_epoch:
(NORMAL      ) CheckpointHook                     
(VERY_LOW    ) TextLoggerHook                     
 -------------------- 
before_val_epoch:
(LOW         ) IterTimerHook                      
(VERY_LOW    ) TextLoggerHook                     
 -------------------- 
before_val_iter:
(LOW         ) IterTimerHook                      
 -------------------- 
after_val_iter:
(LOW         ) IterTimerHook                      
 -------------------- 
after_val_epoch:
(VERY_LOW    ) TextLoggerHook                     
 -------------------- 
after_run:
(VERY_LOW    ) TextLoggerHook                     
 -------------------- 
2022-11-28 11:12:50,332 - mmedit - INFO - workflow: [('train', 1)], max: 1000000 iters
2022-11-28 11:12:50,333 - mmedit - INFO - Checkpoints will be saved to /home3/huangshan/open-mmlab/mmediting/work_dirs/rdn_x4c64b16_g1_100k_div2k by HardDiskBackend.
2022-11-28 11:13:14,485 - mmedit - INFO - Iter [100/1000000]	lr_generator: 1.000e-04, eta: 2 days, 16:22:19, time: 0.232, data_time: 0.008, memory: 3939, loss_pix: 0.0199, loss: 0.0199
2022-11-28 11:13:39,900 - mmedit - INFO - Iter [200/1000000]	lr_generator: 1.000e-04, eta: 2 days, 19:28:31, time: 0.254, data_time: 0.004, memory: 3939, loss_pix: 0.0107, loss: 0.0107
2022-11-28 11:14:05,801 - mmedit - INFO - Iter [300/1000000]	lr_generator: 1.000e-04, eta: 2 days, 20:57:01, time: 0.259, data_time: 0.004, memory: 3939, loss_pix: 0.0103, loss: 0.0103
2022-11-28 11:14:31,942 - mmedit - INFO - Iter [400/1000000]	lr_generator: 1.000e-04, eta: 2 days, 21:51:12, time: 0.261, data_time: 0.004, memory: 3939, loss_pix: 0.0097, loss: 0.0097
2022-11-28 11:14:58,818 - mmedit - INFO - Iter [500/1000000]	lr_generator: 1.000e-04, eta: 2 days, 22:47:55, time: 0.269, data_time: 0.004, memory: 3939, loss_pix: 0.0092, loss: 0.0092
2022-11-28 11:15:26,970 - mmedit - INFO - Iter [600/1000000]	lr_generator: 1.000e-04, eta: 3 days, 0:01:06, time: 0.282, data_time: 0.004, memory: 3939, loss_pix: 0.0095, loss: 0.0095
2022-11-28 11:15:55,434 - mmedit - INFO - Iter [700/1000000]	lr_generator: 1.000e-04, eta: 3 days, 1:00:36, time: 0.285, data_time: 0.004, memory: 3939, loss_pix: 0.0098, loss: 0.0098
2022-11-28 11:16:22,878 - mmedit - INFO - Iter [800/1000000]	lr_generator: 1.000e-04, eta: 3 days, 1:23:54, time: 0.274, data_time: 0.004, memory: 3939, loss_pix: 0.0098, loss: 0.0098
2022-11-28 11:16:50,489 - mmedit - INFO - Iter [900/1000000]	lr_generator: 1.000e-04, eta: 3 days, 1:44:57, time: 0.276, data_time: 0.004, memory: 3939, loss_pix: 0.0090, loss: 0.0090
2022-11-28 11:17:20,088 - mmedit - INFO - Exp name: rdn_x4c64b16_g1_100k_div2k
2022-11-28 11:17:20,089 - mmedit - INFO - Iter [1000/1000000]	lr_generator: 1.000e-04, eta: 3 days, 2:34:53, time: 0.296, data_time: 0.004, memory: 3939, loss_pix: 0.0097, loss: 0.0097
2022-11-28 11:17:47,783 - mmedit - INFO - Iter [1100/1000000]	lr_generator: 1.000e-04, eta: 3 days, 2:46:47, time: 0.277, data_time: 0.004, memory: 3939, loss_pix: 0.0093, loss: 0.0093
2022-11-28 11:18:16,193 - mmedit - INFO - Iter [1200/1000000]	lr_generator: 1.000e-04, eta: 3 days, 3:06:33, time: 0.284, data_time: 0.005, memory: 3939, loss_pix: 0.0094, loss: 0.0094
2022-11-28 11:18:44,374 - mmedit - INFO - Iter [1300/1000000]	lr_generator: 1.000e-04, eta: 3 days, 3:20:16, time: 0.282, data_time: 0.004, memory: 3939, loss_pix: 0.0098, loss: 0.0098
2022-11-28 11:19:11,875 - mmedit - INFO - Iter [1400/1000000]	lr_generator: 1.000e-04, eta: 3 days, 3:23:52, time: 0.275, data_time: 0.004, memory: 3939, loss_pix: 0.0092, loss: 0.0092
2022-11-28 11:19:40,880 - mmedit - INFO - Iter [1500/1000000]	lr_generator: 1.000e-04, eta: 3 days, 3:43:38, time: 0.290, data_time: 0.004, memory: 3939, loss_pix: 0.0092, loss: 0.0092
2022-11-28 11:20:09,213 - mmedit - INFO - Iter [1600/1000000]	lr_generator: 1.000e-04, eta: 3 days, 3:53:52, time: 0.283, data_time: 0.004, memory: 3939, loss_pix: 0.0097, loss: 0.0097
2022-11-28 11:20:37,826 - mmedit - INFO - Iter [1700/1000000]	lr_generator: 1.000e-04, eta: 3 days, 4:05:35, time: 0.286, data_time: 0.004, memory: 3939, loss_pix: 0.0092, loss: 0.0092
2022-11-28 11:21:06,625 - mmedit - INFO - Iter [1800/1000000]	lr_generator: 1.000e-04, eta: 3 days, 4:17:40, time: 0.288, data_time: 0.004, memory: 3939, loss_pix: 0.0086, loss: 0.0086
2022-11-28 11:21:35,740 - mmedit - INFO - Iter [1900/1000000]	lr_generator: 1.000e-04, eta: 3 days, 4:31:11, time: 0.291, data_time: 0.004, memory: 3939, loss_pix: 0.0092, loss: 0.0092
2022-11-28 11:22:03,635 - mmedit - INFO - Exp name: rdn_x4c64b16_g1_100k_div2k
2022-11-28 11:22:03,635 - mmedit - INFO - Iter [2000/1000000]	lr_generator: 1.000e-04, eta: 3 days, 4:33:10, time: 0.279, data_time: 0.004, memory: 3939, loss_pix: 0.0091, loss: 0.0091
2022-11-28 11:22:31,883 - mmedit - INFO - Iter [2100/1000000]	lr_generator: 1.000e-04, eta: 3 days, 4:37:43, time: 0.282, data_time: 0.004, memory: 3939, loss_pix: 0.0091, loss: 0.0091
2022-11-28 11:23:00,572 - mmedit - INFO - Iter [2200/1000000]	lr_generator: 1.000e-04, eta: 3 days, 4:45:08, time: 0.287, data_time: 0.004, memory: 3939, loss_pix: 0.0086, loss: 0.0086
2022-11-28 11:23:28,568 - mmedit - INFO - Iter [2300/1000000]	lr_generator: 1.000e-04, eta: 3 days, 4:46:51, time: 0.280, data_time: 0.004, memory: 3939, loss_pix: 0.0089, loss: 0.0089
2022-11-28 11:23:56,538 - mmedit - INFO - Iter [2400/1000000]	lr_generator: 1.000e-04, eta: 3 days, 4:48:13, time: 0.280, data_time: 0.004, memory: 3939, loss_pix: 0.0082, loss: 0.0082
2022-11-28 11:24:25,070 - mmedit - INFO - Iter [2500/1000000]	lr_generator: 1.000e-04, eta: 3 days, 4:53:10, time: 0.285, data_time: 0.004, memory: 3939, loss_pix: 0.0088, loss: 0.0088
2022-11-28 11:24:53,505 - mmedit - INFO - Iter [2600/1000000]	lr_generator: 1.000e-04, eta: 3 days, 4:57:05, time: 0.284, data_time: 0.004, memory: 3939, loss_pix: 0.0091, loss: 0.0091
2022-11-28 11:25:22,489 - mmedit - INFO - Iter [2700/1000000]	lr_generator: 1.000e-04, eta: 3 days, 5:04:02, time: 0.290, data_time: 0.004, memory: 3939, loss_pix: 0.0089, loss: 0.0089
2022-11-28 11:25:51,098 - mmedit - INFO - Iter [2800/1000000]	lr_generator: 1.000e-04, eta: 3 days, 5:08:15, time: 0.286, data_time: 0.004, memory: 3939, loss_pix: 0.0082, loss: 0.0082
2022-11-28 11:26:19,702 - mmedit - INFO - Iter [2900/1000000]	lr_generator: 1.000e-04, eta: 3 days, 5:12:07, time: 0.286, data_time: 0.004, memory: 3939, loss_pix: 0.0088, loss: 0.0088
2022-11-28 11:26:47,463 - mmedit - INFO - Exp name: rdn_x4c64b16_g1_100k_div2k
2022-11-28 11:26:47,464 - mmedit - INFO - Iter [3000/1000000]	lr_generator: 1.000e-04, eta: 3 days, 5:11:01, time: 0.278, data_time: 0.004, memory: 3939, loss_pix: 0.0090, loss: 0.0090
2022-11-28 11:27:17,524 - mmedit - INFO - Iter [3100/1000000]	lr_generator: 1.000e-04, eta: 3 days, 5:22:17, time: 0.301, data_time: 0.004, memory: 3939, loss_pix: 0.0089, loss: 0.0089
2022-11-28 11:27:46,008 - mmedit - INFO - Iter [3200/1000000]	lr_generator: 1.000e-04, eta: 3 days, 5:24:37, time: 0.285, data_time: 0.004, memory: 3939, loss_pix: 0.0089, loss: 0.0089
2022-11-28 11:28:13,593 - mmedit - INFO - Iter [3300/1000000]	lr_generator: 1.000e-04, eta: 3 days, 5:22:16, time: 0.276, data_time: 0.004, memory: 3939, loss_pix: 0.0087, loss: 0.0087
2022-11-28 11:28:41,614 - mmedit - INFO - Iter [3400/1000000]	lr_generator: 1.000e-04, eta: 3 days, 5:22:10, time: 0.280, data_time: 0.004, memory: 3939, loss_pix: 0.0086, loss: 0.0086
2022-11-28 11:29:10,249 - mmedit - INFO - Iter [3500/1000000]	lr_generator: 1.000e-04, eta: 3 days, 5:24:57, time: 0.286, data_time: 0.004, memory: 3939, loss_pix: 0.0087, loss: 0.0087
2022-11-28 11:29:39,505 - mmedit - INFO - Iter [3600/1000000]	lr_generator: 1.000e-04, eta: 3 days, 5:30:25, time: 0.293, data_time: 0.004, memory: 3939, loss_pix: 0.0092, loss: 0.0092
2022-11-28 11:30:07,243 - mmedit - INFO - Iter [3700/1000000]	lr_generator: 1.000e-04, eta: 3 days, 5:28:45, time: 0.277, data_time: 0.004, memory: 3939, loss_pix: 0.0090, loss: 0.0090
2022-11-28 11:30:34,775 - mmedit - INFO - Iter [3800/1000000]	lr_generator: 1.000e-04, eta: 3 days, 5:26:15, time: 0.275, data_time: 0.004, memory: 3939, loss_pix: 0.0084, loss: 0.0084
2022-11-28 11:31:02,249 - mmedit - INFO - Iter [3900/1000000]	lr_generator: 1.000e-04, eta: 3 days, 5:23:36, time: 0.275, data_time: 0.003, memory: 3939, loss_pix: 0.0086, loss: 0.0086
2022-11-28 11:31:30,538 - mmedit - INFO - Exp name: rdn_x4c64b16_g1_100k_div2k
2022-11-28 11:31:30,539 - mmedit - INFO - Iter [4000/1000000]	lr_generator: 1.000e-04, eta: 3 days, 5:24:28, time: 0.283, data_time: 0.003, memory: 3939, loss_pix: 0.0090, loss: 0.0090
2022-11-28 11:31:58,263 - mmedit - INFO - Iter [4100/1000000]	lr_generator: 1.000e-04, eta: 3 days, 5:22:57, time: 0.277, data_time: 0.003, memory: 3939, loss_pix: 0.0093, loss: 0.0093
2022-11-28 11:32:27,051 - mmedit - INFO - Iter [4200/1000000]	lr_generator: 1.000e-04, eta: 3 days, 5:25:42, time: 0.288, data_time: 0.004, memory: 3939, loss_pix: 0.0090, loss: 0.0090
2022-11-28 11:32:55,632 - mmedit - INFO - Iter [4300/1000000]	lr_generator: 1.000e-04, eta: 3 days, 5:27:30, time: 0.286, data_time: 0.004, memory: 3939, loss_pix: 0.0085, loss: 0.0085
2022-11-28 11:33:22,271 - mmedit - INFO - Iter [4400/1000000]	lr_generator: 1.000e-04, eta: 3 days, 5:21:53, time: 0.266, data_time: 0.004, memory: 3939, loss_pix: 0.0087, loss: 0.0087
2022-11-28 11:33:50,143 - mmedit - INFO - Iter [4500/1000000]	lr_generator: 1.000e-04, eta: 3 days, 5:21:02, time: 0.279, data_time: 0.004, memory: 3939, loss_pix: 0.0087, loss: 0.0087
2022-11-28 11:34:17,683 - mmedit - INFO - Iter [4600/1000000]	lr_generator: 1.000e-04, eta: 3 days, 5:19:00, time: 0.275, data_time: 0.004, memory: 3939, loss_pix: 0.0092, loss: 0.0092
2022-11-28 11:34:45,022 - mmedit - INFO - Iter [4700/1000000]	lr_generator: 1.000e-04, eta: 3 days, 5:16:20, time: 0.273, data_time: 0.004, memory: 3939, loss_pix: 0.0086, loss: 0.0086
2022-11-28 11:35:12,975 - mmedit - INFO - Iter [4800/1000000]	lr_generator: 1.000e-04, eta: 3 days, 5:15:52, time: 0.280, data_time: 0.004, memory: 3939, loss_pix: 0.0089, loss: 0.0089
2022-11-28 11:35:41,632 - mmedit - INFO - Iter [4900/1000000]	lr_generator: 1.000e-04, eta: 3 days, 5:17:48, time: 0.287, data_time: 0.004, memory: 3939, loss_pix: 0.0092, loss: 0.0092
2022-11-28 11:36:09,163 - mmedit - INFO - Saving checkpoint at 5000 iterations
[                                                  ] 0/1000, elapsed: 0s, ETA:Traceback (most recent call last):
  File "/home3/huangshan/open-mmlab/mmediting/tools/train.py", line 170, in <module>
    main()
  File "/home3/huangshan/open-mmlab/mmediting/tools/train.py", line 166, in main
    meta=meta)
  File "/home3/huangshan/open-mmlab/mmediting/mmedit/apis/train.py", line 113, in train_model
    meta=meta)
  File "/home3/huangshan/open-mmlab/mmediting/mmedit/apis/train.py", line 362, in _non_dist_train
    runner.run(data_loaders, cfg.workflow, cfg.total_iters)
  File "/home/huangshan/anaconda3/envs/open-mmlab/lib/python3.7/site-packages/mmcv/runner/iter_based_runner.py", line 144, in run
    iter_runner(iter_loaders[i], **kwargs)
  File "/home/huangshan/anaconda3/envs/open-mmlab/lib/python3.7/site-packages/mmcv/runner/iter_based_runner.py", line 70, in train
    self.call_hook('after_train_iter')
  File "/home/huangshan/anaconda3/envs/open-mmlab/lib/python3.7/site-packages/mmcv/runner/base_runner.py", line 317, in call_hook
    getattr(hook, fn_name)(self)
  File "/home3/huangshan/open-mmlab/mmediting/mmedit/core/evaluation/eval_hooks.py", line 47, in after_train_iter
    iteration=runner.iter)
  File "/home3/huangshan/open-mmlab/mmediting/mmedit/apis/test.py", line 48, in single_gpu_test
    **data)
  File "/home/huangshan/anaconda3/envs/open-mmlab/lib/python3.7/site-packages/torch/nn/modules/module.py", line 1102, in _call_impl
    return forward_call(*input, **kwargs)
  File "/home/huangshan/anaconda3/envs/open-mmlab/lib/python3.7/site-packages/mmcv/parallel/data_parallel.py", line 51, in forward
    return super().forward(*inputs, **kwargs)
  File "/home/huangshan/anaconda3/envs/open-mmlab/lib/python3.7/site-packages/torch/nn/parallel/data_parallel.py", line 166, in forward
    return self.module(*inputs[0], **kwargs[0])
  File "/home/huangshan/anaconda3/envs/open-mmlab/lib/python3.7/site-packages/torch/nn/modules/module.py", line 1102, in _call_impl
    return forward_call(*input, **kwargs)
  File "/home/huangshan/anaconda3/envs/open-mmlab/lib/python3.7/site-packages/mmcv/runner/fp16_utils.py", line 116, in new_func
    return old_func(*args, **kwargs)
  File "/home3/huangshan/open-mmlab/mmediting/mmedit/models/restorers/basic_restorer.py", line 75, in forward
    return self.forward_test(lq, gt, **kwargs)
  File "/home3/huangshan/open-mmlab/mmediting/mmedit/models/restorers/basic_restorer.py", line 140, in forward_test
    output = self.generator(lq)
  File "/home/huangshan/anaconda3/envs/open-mmlab/lib/python3.7/site-packages/torch/nn/modules/module.py", line 1102, in _call_impl
    return forward_call(*input, **kwargs)
  File "/home3/huangshan/open-mmlab/mmediting/mmedit/models/backbones/sr_backbones/rdn.py", line 179, in forward
    x = self.rdbs[i](x)
  File "/home/huangshan/anaconda3/envs/open-mmlab/lib/python3.7/site-packages/torch/nn/modules/module.py", line 1102, in _call_impl
    return forward_call(*input, **kwargs)
  File "/home3/huangshan/open-mmlab/mmediting/mmedit/models/backbones/sr_backbones/rdn.py", line 66, in forward
    return x + self.lff(self.layers(x))  # local residual learning
  File "/home/huangshan/anaconda3/envs/open-mmlab/lib/python3.7/site-packages/torch/nn/modules/module.py", line 1102, in _call_impl
    return forward_call(*input, **kwargs)
  File "/home/huangshan/anaconda3/envs/open-mmlab/lib/python3.7/site-packages/torch/nn/modules/container.py", line 141, in forward
    input = module(input)
  File "/home/huangshan/anaconda3/envs/open-mmlab/lib/python3.7/site-packages/torch/nn/modules/module.py", line 1102, in _call_impl
    return forward_call(*input, **kwargs)
  File "/home3/huangshan/open-mmlab/mmediting/mmedit/models/backbones/sr_backbones/rdn.py", line 32, in forward
    return torch.cat([x, self.relu(self.conv(x))], 1)
RuntimeError: CUDA out of memory. Tried to allocate 2.00 GiB (GPU 0; 10.76 GiB total capacity; 5.12 GiB already allocated; 1021.44 MiB free; 8.59 GiB reserved in total by PyTorch) If reserved memory is >> allocated memory try setting max_split_size_mb to avoid fragmentation.  See documentation for Memory Management and PYTORCH_CUDA_ALLOC_CONF
